<?xml version="1.0" encoding="UTF-8"?>
<!-- Generated by org.testng.reporters.JUnitReportReporter -->
<testsuite skipped="0" hostname="hp" name="com.htc.browserautomation.main.SaleniumStoreDropDown" tests="1" failures="0" timestamp="2021-02-10T14:46:59 IST" time="15.636" errors="0">
  <testcase name="testPrimaryLocationDropDown_UpdatetonewLocation_ShouldShowTheChangedValueAsSelected" time="15.636" classname="com.htc.browserautomation.main.SaleniumStoreDropDown"/>
  <system-out/>
</testsuite> <!-- com.htc.browserautomation.main.SaleniumStoreDropDown -->
